\BOOKMARK [1][-]{section.1}{\376\377\137\025\212\000}{}% 1
\BOOKMARK [1][-]{section.2}{\376\377\146\172\200\375\142\113\147\072\117\040\141\037\126\150\121\150\227\142\151\202\217\360}{}% 2
\BOOKMARK [2][-]{subsection.2.1}{\376\377\117\040\141\037\126\150\122\006\174\173\116\016\127\372\147\054\122\237\200\375}{section.2}% 3
\BOOKMARK [2][-]{subsection.2.2}{\376\377\116\073\211\201\117\040\141\037\126\150\122\237\200\375\154\107\140\073}{section.2}% 4
\BOOKMARK [1][-]{section.3}{\376\377\126\376\120\317\117\040\141\037\126\150\155\361\136\246\214\003\170\024}{}% 5
\BOOKMARK [2][-]{subsection.3.1}{\376\377\126\376\120\317\117\040\141\037\126\150\116\016\116\272\174\173\211\306\211\311\141\037\167\345\166\204\133\371\153\324}{section.3}% 6
\BOOKMARK [2][-]{subsection.3.2}{\376\377\000C\000M\000O\000S\126\376\120\317\117\040\141\037\126\150\135\345\117\134\123\237\164\006}{section.3}% 7
\BOOKMARK [2][-]{subsection.3.3}{\376\377\142\200\147\057\147\266\147\204\157\024\217\333\377\032\116\316\122\115\161\147\137\017\122\060\130\006\123\340\137\017}{section.3}% 8
\BOOKMARK [1][-]{section.4}{\376\377\126\376\120\317\117\040\141\037\126\150\126\375\121\205\131\026\123\321\134\125\163\260\162\266}{}% 9
\BOOKMARK [2][-]{subsection.4.1}{\376\377\126\375\226\105\123\321\134\125\163\260\162\266}{section.4}% 10
\BOOKMARK [2][-]{subsection.4.2}{\376\377\126\375\121\205\123\321\134\125\163\260\162\266}{section.4}% 11
\BOOKMARK [2][-]{subsection.4.3}{\376\377\126\375\121\205\131\026\133\371\153\324\122\006\147\220}{section.4}% 12
\BOOKMARK [1][-]{section.5}{\376\377\213\241\173\227\144\104\137\161\116\016\000A\000I\207\215\124\010\377\032\117\040\141\037\126\150\166\204\217\157\170\154\123\117\124\014}{}% 13
\BOOKMARK [2][-]{subsection.5.1}{\376\377\170\154\116\366\173\126\165\145\166\204\164\006\140\047\126\336\137\122}{section.5}% 14
\BOOKMARK [2][-]{subsection.5.2}{\376\377\000A\000I\173\227\154\325\166\204\155\361\136\246\116\313\121\145}{section.5}% 15
\BOOKMARK [2][-]{subsection.5.3}{\376\377\117\040\141\037\126\150\000-\173\227\154\325\123\117\124\014\213\276\213\241}{section.5}% 16
\BOOKMARK [1][-]{section.6}{\376\377\121\166\116\326\221\315\211\201\117\040\141\037\126\150\123\321\134\125\215\213\122\277}{}% 17
\BOOKMARK [2][-]{subsection.6.1}{\376\377\217\320\122\250\117\040\141\037\126\150\377\032\116\316\155\210\215\071\132\061\116\120\122\060\116\023\116\032\176\247\136\224\165\050}{section.6}% 18
\BOOKMARK [2][-]{subsection.6.2}{\376\377\130\360\133\146\117\040\141\037\126\150\377\032\000M\000E\000M\000S\236\246\121\113\230\316\166\204\146\172\200\375\123\026}{section.6}% 19
\BOOKMARK [2][-]{subsection.6.3}{\376\377\165\037\162\151\117\040\141\037\126\150\377\032\124\021\116\064\136\212\176\247\123\073\165\227\217\310\217\333}{section.6}% 20
\BOOKMARK [2][-]{subsection.6.4}{\376\377\145\260\121\164\117\040\141\037\126\150\142\200\147\057}{section.6}% 21
\BOOKMARK [1][-]{section.7}{\376\377\117\040\141\037\126\150\133\371\163\257\130\203\124\214\171\076\117\032\123\357\143\001\176\355\123\321\134\125\166\204\137\161\124\315}{}% 22
\BOOKMARK [2][-]{subsection.7.1}{\376\377\153\143\227\142\137\161\124\315}{section.7}% 23
\BOOKMARK [2][-]{subsection.7.2}{\376\377\163\257\130\203\143\021\142\030}{section.7}% 24
\BOOKMARK [2][-]{subsection.7.3}{\376\377\123\357\143\001\176\355\123\321\134\125\215\357\137\204}{section.7}% 25
\BOOKMARK [1][-]{section.8}{\376\377\147\052\147\145\123\321\134\125\145\271\124\021\134\125\147\033\116\016\122\033\145\260\140\035\200\003}{}% 26
\BOOKMARK [2][-]{subsection.8.1}{\376\377\131\032\152\041\140\001\117\040\141\037\207\215\124\010\134\006\142\020\116\072\150\070\137\303\203\003\137\017}{section.8}% 27
\BOOKMARK [2][-]{subsection.8.2}{\376\377\116\316\141\037\167\345\122\060\213\244\167\345\377\032\117\040\141\037\126\150\166\204\000A\000I\123\237\165\037\123\026}{section.8}% 28
\BOOKMARK [2][-]{subsection.8.3}{\376\377\117\040\141\037\126\150\232\161\122\250\166\204\116\013\116\000\116\343\116\244\116\222\145\271\137\017}{section.8}% 29
\BOOKMARK [2][-]{subsection.8.4}{\376\377\123\357\143\001\176\355\140\047\232\161\122\250\166\204\117\040\141\037\126\150\122\033\145\260}{section.8}% 30
\BOOKMARK [1][-]{section.9}{\376\377\140\073\176\323}{}% 31
