\BOOKMARK [1][-]{section.1}{\376\377\137\025\212\000}{}% 1
\BOOKMARK [1][-]{section.2}{\376\377\174\373\176\337\140\073\117\123\213\276\213\241}{}% 2
\BOOKMARK [2][-]{subsection.2.1}{\376\377\213\276\213\241\140\035\215\357}{section.2}% 3
\BOOKMARK [2][-]{subsection.2.2}{\376\377\142\200\147\057\220\011\127\213}{section.2}% 4
\BOOKMARK [2][-]{subsection.2.3}{\376\377\145\160\143\156\155\101}{section.2}% 5
\BOOKMARK [1][-]{section.3}{\376\377\145\160\143\156\221\307\226\306\152\041\127\127}{}% 6
\BOOKMARK [2][-]{subsection.3.1}{\376\377\160\176\133\263\145\260\225\373\213\355\145\231\213\276\213\241}{section.3}% 7
\BOOKMARK [2][-]{subsection.3.2}{\376\377\117\341\140\157\126\376\126\376\162\107\165\037\142\020}{section.3}% 8
\BOOKMARK [2][-]{subsection.3.3}{\376\377\145\207\150\143\133\130\120\250}{section.3}% 9
\BOOKMARK [1][-]{section.4}{\376\377\145\207\147\054\117\341\140\157\142\275\123\326}{}% 10
\BOOKMARK [2][-]{subsection.4.1}{\376\377\153\143\122\031\210\150\217\276\137\017\142\275\123\326\126\150\377\010\000R\000e\000g\000e\000x\000E\000x\000t\000r\000a\000c\000t\000o\000r\377\011}{section.4}% 11
\BOOKMARK [2][-]{subsection.4.2}{\376\377\124\175\124\015\133\236\117\123\213\306\122\053\142\275\123\326\126\150\377\010\000N\000E\000R\000E\000x\000t\000r\000a\000c\000t\000o\000r\377\011}{section.4}% 12
\BOOKMARK [2][-]{subsection.4.3}{\376\377\117\235\133\130\123\345\154\325\122\006\147\220\142\275\123\326\126\150\377\010\000D\000e\000p\000e\000n\000d\000e\000n\000c\000y\000E\000x\000t\000r\000a\000c\000t\000o\000r\377\011}{section.4}% 13
\BOOKMARK [2][-]{subsection.4.4}{\376\377\226\306\142\020\142\275\123\326\126\150\377\010\000E\000n\000s\000e\000m\000b\000l\000e\000E\000x\000t\000r\000a\000c\000t\000o\000r\377\011}{section.4}% 14
\BOOKMARK [1][-]{section.5}{\376\377\131\032\132\222\117\123\117\341\140\157\142\275\123\326\377\010\122\033\145\260\160\271\377\011}{}% 15
\BOOKMARK [2][-]{subsection.5.1}{\376\377\000O\000C\000R\000\040\145\207\133\127\213\306\122\053}{section.5}% 16
\BOOKMARK [2][-]{subsection.5.2}{\376\377\126\376\120\317\202\162\137\151\127\072\146\157\122\006\147\220}{section.5}% 17
\BOOKMARK [1][-]{section.6}{\376\377\215\350\152\041\140\001\117\341\140\157\207\215\124\010\377\010\150\070\137\303\122\033\145\260\377\011}{}% 18
\BOOKMARK [2][-]{subsection.6.1}{\376\377\207\215\124\010\173\126\165\145}{section.6}% 19
\BOOKMARK [2][-]{subsection.6.2}{\376\377\207\215\124\010\145\345\137\327}{section.6}% 20
\BOOKMARK [1][-]{section.7}{\376\377\116\213\116\366\167\345\213\306\126\376\214\061\147\204\136\372}{}% 21
\BOOKMARK [2][-]{subsection.7.1}{\376\377\126\376\214\061\213\276\213\241}{section.7}% 22
\BOOKMARK [2][-]{subsection.7.2}{\376\377\123\357\211\306\123\026}{section.7}% 23
\BOOKMARK [1][-]{section.8}{\376\377\142\275\123\326\176\323\147\234\213\304\116\367}{}% 24
\BOOKMARK [2][-]{subsection.8.1}{\376\377\201\352\122\250\213\304\116\367}{section.8}% 25
\BOOKMARK [2][-]{subsection.8.2}{\376\377\133\236\232\214\176\323\147\234}{section.8}% 26
\BOOKMARK [2][-]{subsection.8.3}{\376\377\131\032\152\041\140\001\207\215\124\010\166\204\130\236\166\312\122\006\147\220}{section.8}% 27
\BOOKMARK [2][-]{subsection.8.4}{\376\377\116\272\135\345\213\304\116\367}{section.8}% 28
\BOOKMARK [1][-]{section.9}{\376\377\000W\000e\000b\000\040\165\114\227\142\213\276\213\241}{}% 29
\BOOKMARK [1][-]{section.10}{\376\377\133\371\163\257\130\203\124\214\171\076\117\032\123\357\143\001\176\355\123\321\134\125\166\204\137\161\124\315\122\006\147\220}{}% 30
\BOOKMARK [2][-]{subsection.10.1}{\376\377\153\143\227\142\137\161\124\315}{section.10}% 31
\BOOKMARK [2][-]{subsection.10.2}{\376\377\157\134\127\050\230\316\226\151\116\016\136\224\133\371}{section.10}% 32
\BOOKMARK [1][-]{section.11}{\376\377\140\073\176\323\116\016\134\125\147\033}{}% 33
