\BOOKMARK [1][-]{section.1}{\376\377\137\025\212\000}{}% 1
\BOOKMARK [1][-]{section.2}{\376\377\174\373\176\337\140\073\117\123\213\276\213\241}{}% 2
\BOOKMARK [2][-]{subsection.2.1}{\376\377\213\276\213\241\140\035\215\357}{section.2}% 3
\BOOKMARK [2][-]{subsection.2.2}{\376\377\142\200\147\057\220\011\127\213}{section.2}% 4
\BOOKMARK [2][-]{subsection.2.3}{\376\377\145\160\143\156\155\101}{section.2}% 5
\BOOKMARK [1][-]{section.3}{\376\377\145\160\143\156\221\307\226\306\152\041\127\127}{}% 6
\BOOKMARK [2][-]{subsection.3.1}{\376\377\177\121\176\334\162\054\206\153\213\276\213\241}{section.3}% 7
\BOOKMARK [2][-]{subsection.3.2}{\376\377\145\207\150\143\133\130\120\250}{section.3}% 8
\BOOKMARK [2][-]{subsection.3.3}{\376\377\150\067\147\054\145\160\143\156\165\037\142\020}{section.3}% 9
\BOOKMARK [1][-]{section.4}{\376\377\145\207\147\054\230\204\131\004\164\006\152\041\127\127}{}% 10
\BOOKMARK [2][-]{subsection.4.1}{\376\377\116\055\145\207\122\006\213\315}{section.4}% 11
\BOOKMARK [2][-]{subsection.4.2}{\376\377\120\134\165\050\213\315\217\307\156\344}{section.4}% 12
\BOOKMARK [2][-]{subsection.4.3}{\376\377\145\207\147\054\137\122\116\000\123\026}{section.4}% 13
\BOOKMARK [2][-]{subsection.4.4}{\376\377\144\130\211\201\165\037\142\020\116\016\121\163\225\056\213\315\232\330\116\256}{section.4}% 14
\BOOKMARK [1][-]{section.5}{\376\377\120\022\143\222\175\042\137\025\147\204\136\372}{}% 15
\BOOKMARK [2][-]{subsection.5.1}{\376\377\120\022\143\222\175\042\137\025\123\237\164\006}{section.5}% 16
\BOOKMARK [2][-]{subsection.5.2}{\376\377\000T\000F\000-\000I\000D\000F\000\040\147\103\221\315}{section.5}% 17
\BOOKMARK [2][-]{subsection.5.3}{\376\377\175\042\137\025\147\204\136\372\155\101\172\013}{section.5}% 18
\BOOKMARK [1][-]{section.6}{\376\377\150\300\175\042\173\227\154\325}{}% 19
\BOOKMARK [2][-]{subsection.6.1}{\376\377\124\021\221\317\172\172\225\364\152\041\127\213\377\010\000V\000S\000M\377\011}{section.6}% 20
\BOOKMARK [2][-]{subsection.6.2}{\376\377\000B\000M\0002\0005\000\040\151\202\163\207\150\300\175\042\152\041\127\213}{section.6}% 21
\BOOKMARK [2][-]{subsection.6.3}{\376\377\116\044\171\315\173\227\154\325\166\204\133\371\153\324}{section.6}% 22
\BOOKMARK [1][-]{section.7}{\376\377\122\033\145\260\140\047\143\242\175\042}{}% 23
\BOOKMARK [2][-]{subsection.7.1}{\376\377\127\372\116\216\121\161\163\260\213\315\166\204\147\345\213\342\142\151\134\125}{section.7}% 24
\BOOKMARK [2][-]{subsection.7.2}{\376\377\131\032\132\222\117\123\117\341\140\157\150\300\175\042}{section.7}% 25
\BOOKMARK [2][-]{subsection.7.3}{\376\377\123\314\173\227\154\325\133\371\153\324\147\072\122\066}{section.7}% 26
\BOOKMARK [1][-]{section.8}{\376\377\150\300\175\042\176\323\147\234\116\272\135\345\213\304\116\367}{}% 27
\BOOKMARK [2][-]{subsection.8.1}{\376\377\213\304\116\367\145\271\154\325}{section.8}% 28
\BOOKMARK [2][-]{subsection.8.2}{\376\377\213\304\116\367\133\236\232\214\116\016\122\006\147\220}{section.8}% 29
\BOOKMARK [1][-]{section.9}{\376\377\000W\000e\000b\000\040\165\114\227\142\213\276\213\241}{}% 30
\BOOKMARK [1][-]{section.10}{\376\377\133\371\163\257\130\203\124\214\171\076\117\032\123\357\143\001\176\355\123\321\134\125\166\204\137\161\124\315\122\006\147\220}{}% 31
\BOOKMARK [1][-]{section.11}{\376\377\140\073\176\323\116\016\134\125\147\033}{}% 32
